The target system is: Linux - 1 - 
The host system is: Linux - 5.4.0-150-generic - x86_64
Compiling the C compiler identification source file "CMakeCCompilerId.c" succeeded.
Compiler: /home/use/Packages/Xilinx_v2022.2/Vitis/2022.2/gnu/aarch64/lin/aarch64-linux/bin/aarch64-linux-gnu-gcc 
Build flags: 
Id flags: 

The output was:
0


Compilation of the C compiler identification source "CMakeCCompilerId.c" produced "a.out"

The C compiler identification is GNU, found in "/home/use/Projects/quadruped/software/build/CMakeFiles/3.3.2/CompilerIdC/a.out"

Compiling the CXX compiler identification source file "CMakeCXXCompilerId.cpp" succeeded.
Compiler: /home/use/Packages/Xilinx_v2022.2/Vitis/2022.2/gnu/aarch64/lin/aarch64-linux/bin/aarch64-linux-gnu-g++ 
Build flags: 
Id flags: 

The output was:
0


Compilation of the CXX compiler identification source "CMakeCXXCompilerId.cpp" produced "a.out"

The CXX compiler identification is GNU, found in "/home/use/Projects/quadruped/software/build/CMakeFiles/3.3.2/CompilerIdCXX/a.out"

Determining if the C compiler works passed with the following output:
Change Dir: /home/use/Projects/quadruped/software/build/CMakeFiles/CMakeTmp

Run Build Command:"/usr/bin/make" "cmTC_5b474/fast"
/usr/bin/make -f CMakeFiles/cmTC_5b474.dir/build.make CMakeFiles/cmTC_5b474.dir/build
make[1]: Entering directory '/home/use/Projects/quadruped/software/build/CMakeFiles/CMakeTmp'
Building C object CMakeFiles/cmTC_5b474.dir/testCCompiler.c.o
/home/use/Packages/Xilinx_v2022.2/Vitis/2022.2/gnu/aarch64/lin/aarch64-linux/bin/aarch64-linux-gnu-gcc    -o CMakeFiles/cmTC_5b474.dir/testCCompiler.c.o   -c /home/use/Projects/quadruped/software/build/CMakeFiles/CMakeTmp/testCCompiler.c
Linking C executable cmTC_5b474
/home/use/Packages/Xilinx_v2022.2/Vitis/2022.2/tps/lnx64/cmake-3.3.2/bin/cmake -E cmake_link_script CMakeFiles/cmTC_5b474.dir/link.txt --verbose=1
/home/use/Packages/Xilinx_v2022.2/Vitis/2022.2/gnu/aarch64/lin/aarch64-linux/bin/aarch64-linux-gnu-gcc       CMakeFiles/cmTC_5b474.dir/testCCompiler.c.o  -o cmTC_5b474 -rdynamic 
make[1]: Leaving directory '/home/use/Projects/quadruped/software/build/CMakeFiles/CMakeTmp'


Detecting C compiler ABI info compiled with the following output:
Change Dir: /home/use/Projects/quadruped/software/build/CMakeFiles/CMakeTmp

Run Build Command:"/usr/bin/make" "cmTC_0c25b/fast"
/usr/bin/make -f CMakeFiles/cmTC_0c25b.dir/build.make CMakeFiles/cmTC_0c25b.dir/build
make[1]: Entering directory '/home/use/Projects/quadruped/software/build/CMakeFiles/CMakeTmp'
Building C object CMakeFiles/cmTC_0c25b.dir/CMakeCCompilerABI.c.o
/home/use/Packages/Xilinx_v2022.2/Vitis/2022.2/gnu/aarch64/lin/aarch64-linux/bin/aarch64-linux-gnu-gcc    -o CMakeFiles/cmTC_0c25b.dir/CMakeCCompilerABI.c.o   -c /home/use/Packages/Xilinx_v2022.2/Vitis/2022.2/tps/lnx64/cmake-3.3.2/share/cmake-3.3/Modules/CMakeCCompilerABI.c
Linking C executable cmTC_0c25b
/home/use/Packages/Xilinx_v2022.2/Vitis/2022.2/tps/lnx64/cmake-3.3.2/bin/cmake -E cmake_link_script CMakeFiles/cmTC_0c25b.dir/link.txt --verbose=1
/home/use/Packages/Xilinx_v2022.2/Vitis/2022.2/gnu/aarch64/lin/aarch64-linux/bin/aarch64-linux-gnu-gcc      -v CMakeFiles/cmTC_0c25b.dir/CMakeCCompilerABI.c.o  -o cmTC_0c25b -rdynamic  
Using built-in specs.
COLLECT_GCC=/home/use/Packages/Xilinx_v2022.2/Vitis/2022.2/gnu/aarch64/lin/aarch64-linux/bin/../x86_64-petalinux-linux/usr/bin/aarch64-xilinx-linux/aarch64-xilinx-linux-gcc.real
COLLECT_LTO_WRAPPER=/home/use/Packages/Xilinx_v2022.2/Vitis/2022.2/gnu/aarch64/lin/aarch64-linux/x86_64-petalinux-linux/usr/bin/aarch64-xilinx-linux/../../libexec/aarch64-xilinx-linux/gcc/aarch64-xilinx-linux/11.2.0/lto-wrapper
Target: aarch64-xilinx-linux
Configured with: ../../../../../../work-shared/gcc-11.2.0-r0/gcc-11.2.0/configure --build=x86_64-linux --host=x86_64-petalinux-linux --target=aarch64-xilinx-linux --prefix=/usr/local/oe-sdk-hardcoded-buildpath/sysroots/x86_64-petalinux-linux/usr --exec_prefix=/usr/local/oe-sdk-hardcoded-buildpath/sysroots/x86_64-petalinux-linux/usr --bindir=/usr/local/oe-sdk-hardcoded-buildpath/sysroots/x86_64-petalinux-linux/usr/bin/aarch64-xilinx-linux --sbindir=/usr/local/oe-sdk-hardcoded-buildpath/sysroots/x86_64-petalinux-linux/usr/bin/aarch64-xilinx-linux --libexecdir=/usr/local/oe-sdk-hardcoded-buildpath/sysroots/x86_64-petalinux-linux/usr/libexec/aarch64-xilinx-linux --datadir=/usr/local/oe-sdk-hardcoded-buildpath/sysroots/x86_64-petalinux-linux/usr/share --sysconfdir=/usr/local/oe-sdk-hardcoded-buildpath/sysroots/x86_64-petalinux-linux/etc --sharedstatedir=/usr/local/oe-sdk-hardcoded-buildpath/sysroots/x86_64-petalinux-linux/com --localstatedir=/usr/local/oe-sdk-hardcoded-buildpath/sysroots/x86_64-petalinux-linux/var --libdir=/usr/local/oe-sdk-hardcoded-buildpath/sysroots/x86_64-petalinux-linux/usr/lib/aarch64-xilinx-linux --includedir=/usr/local/oe-sdk-hardcoded-buildpath/sysroots/x86_64-petalinux-linux/usr/include --oldincludedir=/usr/local/oe-sdk-hardcoded-buildpath/sysroots/x86_64-petalinux-linux/usr/include --infodir=/usr/local/oe-sdk-hardcoded-buildpath/sysroots/x86_64-petalinux-linux/usr/share/info --mandir=/usr/local/oe-sdk-hardcoded-buildpath/sysroots/x86_64-petalinux-linux/usr/share/man --disable-silent-rules --disable-dependency-tracking --with-libtool-sysroot=/scratch/mhatle/git/internal/2022/build-toolchain/tmp/work/x86_64-nativesdk-petalinux-linux/gcc-cross-canadian-aarch64/11.2.0-r0/recipe-sysroot --with-gnu-ld --enable-shared --enable-languages=c,c++ --enable-threads=posix --enable-multilib --enable-default-pie --enable-c99 --enable-long-long --enable-symvers=gnu --enable-libstdcxx-pch --program-prefix=aarch64-xilinx-linux- --without-local-prefix --disable-install-libiberty --disable-libssp --enable-libitm --enable-lto --disable-bootstrap --with-system-zlib --with-linker-hash-style=gnu --enable-linker-build-id --with-ppl=no --with-cloog=no --enable-checking=release --enable-cheaders=c_global --without-isl --with-gxx-include-dir=/not/exist/usr/include/c++/11.2.0 --with-build-time-tools=/scratch/mhatle/git/internal/2022/build-toolchain/tmp/work/x86_64-nativesdk-petalinux-linux/gcc-cross-canadian-aarch64/11.2.0-r0/recipe-sysroot-native/usr/aarch64-xilinx-linux/bin --with-sysroot=/not/exist --with-build-sysroot=/scratch/mhatle/git/internal/2022/build-toolchain/tmp/work/x86_64-nativesdk-petalinux-linux/gcc-cross-canadian-aarch64/11.2.0-r0/recipe-sysroot --enable-standard-branch-protection --enable-poison-system-directories --disable-static --enable-nls --with-glibc-version=2.28 --enable-initfini-array --enable-__cxa_atexit
Thread model: posix
Supported LTO compression algorithms: zlib zstd
gcc version 11.2.0 (GCC) 
COMPILER_PATH=/home/use/Packages/Xilinx_v2022.2/Vitis/2022.2/gnu/aarch64/lin/aarch64-linux/x86_64-petalinux-linux/usr/bin/aarch64-xilinx-linux/../../libexec/aarch64-xilinx-linux/gcc/aarch64-xilinx-linux/11.2.0/:/home/use/Packages/Xilinx_v2022.2/Vitis/2022.2/gnu/aarch64/lin/aarch64-linux/x86_64-petalinux-linux/usr/bin/aarch64-xilinx-linux/../../libexec/aarch64-xilinx-linux/gcc/
LIBRARY_PATH=/home/use/Packages/Xilinx_v2022.2/Vitis/2022.2/gnu/aarch64/lin/aarch64-linux/x86_64-petalinux-linux/usr/bin/aarch64-xilinx-linux/../../lib/aarch64-xilinx-linux/gcc/aarch64-xilinx-linux/11.2.0/:/home/use/Packages/Xilinx_v2022.2/Vitis/2022.2/gnu/aarch64/lin/aarch64-linux/x86_64-petalinux-linux/usr/bin/aarch64-xilinx-linux/../../lib/aarch64-xilinx-linux/gcc/:/home/use/Packages/Xilinx_v2022.2/Vitis/2022.2/gnu/aarch64/lin/aarch64-linux/bin/../aarch64-xilinx-linux/lib/:/home/use/Packages/Xilinx_v2022.2/Vitis/2022.2/gnu/aarch64/lin/aarch64-linux/bin/../aarch64-xilinx-linux/usr/lib/aarch64-xilinx-linux/11.2.0/:/home/use/Packages/Xilinx_v2022.2/Vitis/2022.2/gnu/aarch64/lin/aarch64-linux/bin/../aarch64-xilinx-linux/usr/lib/
COLLECT_GCC_OPTIONS='--sysroot=/home/use/Packages/Xilinx_v2022.2/Vitis/2022.2/gnu/aarch64/lin/aarch64-linux/bin/../aarch64-xilinx-linux' '-mbranch-protection=none' '-v' '-o' 'cmTC_0c25b' '-rdynamic' '-mlittle-endian' '-mabi=lp64' '-dumpdir' 'cmTC_0c25b.'
 /home/use/Packages/Xilinx_v2022.2/Vitis/2022.2/gnu/aarch64/lin/aarch64-linux/x86_64-petalinux-linux/usr/bin/aarch64-xilinx-linux/../../libexec/aarch64-xilinx-linux/gcc/aarch64-xilinx-linux/11.2.0/collect2 -plugin /home/use/Packages/Xilinx_v2022.2/Vitis/2022.2/gnu/aarch64/lin/aarch64-linux/x86_64-petalinux-linux/usr/bin/aarch64-xilinx-linux/../../libexec/aarch64-xilinx-linux/gcc/aarch64-xilinx-linux/11.2.0/liblto_plugin.so -plugin-opt=/home/use/Packages/Xilinx_v2022.2/Vitis/2022.2/gnu/aarch64/lin/aarch64-linux/x86_64-petalinux-linux/usr/bin/aarch64-xilinx-linux/../../libexec/aarch64-xilinx-linux/gcc/aarch64-xilinx-linux/11.2.0/lto-wrapper -plugin-opt=-fresolution=/tmp/ccbmZmTO.res -plugin-opt=-pass-through=-lgcc -plugin-opt=-pass-through=-lgcc_s -plugin-opt=-pass-through=-lc -plugin-opt=-pass-through=-lgcc -plugin-opt=-pass-through=-lgcc_s --sysroot=/home/use/Packages/Xilinx_v2022.2/Vitis/2022.2/gnu/aarch64/lin/aarch64-linux/bin/../aarch64-xilinx-linux --build-id --eh-frame-hdr --hash-style=gnu -export-dynamic -dynamic-linker /lib/ld-linux-aarch64.so.1 -X -EL -maarch64linux -pie -o cmTC_0c25b /home/use/Packages/Xilinx_v2022.2/Vitis/2022.2/gnu/aarch64/lin/aarch64-linux/bin/../aarch64-xilinx-linux/usr/lib/Scrt1.o /home/use/Packages/Xilinx_v2022.2/Vitis/2022.2/gnu/aarch64/lin/aarch64-linux/bin/../aarch64-xilinx-linux/usr/lib/crti.o /home/use/Packages/Xilinx_v2022.2/Vitis/2022.2/gnu/aarch64/lin/aarch64-linux/bin/../aarch64-xilinx-linux/usr/lib/aarch64-xilinx-linux/11.2.0/crtbeginS.o -L/home/use/Packages/Xilinx_v2022.2/Vitis/2022.2/gnu/aarch64/lin/aarch64-linux/x86_64-petalinux-linux/usr/bin/aarch64-xilinx-linux/../../lib/aarch64-xilinx-linux/gcc/aarch64-xilinx-linux/11.2.0 -L/home/use/Packages/Xilinx_v2022.2/Vitis/2022.2/gnu/aarch64/lin/aarch64-linux/x86_64-petalinux-linux/usr/bin/aarch64-xilinx-linux/../../lib/aarch64-xilinx-linux/gcc -L/home/use/Packages/Xilinx_v2022.2/Vitis/2022.2/gnu/aarch64/lin/aarch64-linux/bin/../aarch64-xilinx-linux/lib -L/home/use/Packages/Xilinx_v2022.2/Vitis/2022.2/gnu/aarch64/lin/aarch64-linux/bin/../aarch64-xilinx-linux/usr/lib/aarch64-xilinx-linux/11.2.0 -L/home/use/Packages/Xilinx_v2022.2/Vitis/2022.2/gnu/aarch64/lin/aarch64-linux/bin/../aarch64-xilinx-linux/usr/lib CMakeFiles/cmTC_0c25b.dir/CMakeCCompilerABI.c.o -lgcc --push-state --as-needed -lgcc_s --pop-state -lc -lgcc --push-state --as-needed -lgcc_s --pop-state /home/use/Packages/Xilinx_v2022.2/Vitis/2022.2/gnu/aarch64/lin/aarch64-linux/bin/../aarch64-xilinx-linux/usr/lib/aarch64-xilinx-linux/11.2.0/crtendS.o /home/use/Packages/Xilinx_v2022.2/Vitis/2022.2/gnu/aarch64/lin/aarch64-linux/bin/../aarch64-xilinx-linux/usr/lib/crtn.o
COLLECT_GCC_OPTIONS='--sysroot=/home/use/Packages/Xilinx_v2022.2/Vitis/2022.2/gnu/aarch64/lin/aarch64-linux/bin/../aarch64-xilinx-linux' '-mbranch-protection=none' '-v' '-o' 'cmTC_0c25b' '-rdynamic' '-mlittle-endian' '-mabi=lp64' '-dumpdir' 'cmTC_0c25b.'
make[1]: Leaving directory '/home/use/Projects/quadruped/software/build/CMakeFiles/CMakeTmp'


Parsed C implicit link information from above output:
  link line regex: [^( *|.*[/\])(aarch64-linux-gnu-ld|([^/\]+-)?ld|collect2)[^/\]*( |$)]
  ignore line: [Change Dir: /home/use/Projects/quadruped/software/build/CMakeFiles/CMakeTmp]
  ignore line: []
  ignore line: [Run Build Command:"/usr/bin/make" "cmTC_0c25b/fast"]
  ignore line: [/usr/bin/make -f CMakeFiles/cmTC_0c25b.dir/build.make CMakeFiles/cmTC_0c25b.dir/build]
  ignore line: [make[1]: Entering directory '/home/use/Projects/quadruped/software/build/CMakeFiles/CMakeTmp']
  ignore line: [Building C object CMakeFiles/cmTC_0c25b.dir/CMakeCCompilerABI.c.o]
  ignore line: [/home/use/Packages/Xilinx_v2022.2/Vitis/2022.2/gnu/aarch64/lin/aarch64-linux/bin/aarch64-linux-gnu-gcc    -o CMakeFiles/cmTC_0c25b.dir/CMakeCCompilerABI.c.o   -c /home/use/Packages/Xilinx_v2022.2/Vitis/2022.2/tps/lnx64/cmake-3.3.2/share/cmake-3.3/Modules/CMakeCCompilerABI.c]
  ignore line: [Linking C executable cmTC_0c25b]
  ignore line: [/home/use/Packages/Xilinx_v2022.2/Vitis/2022.2/tps/lnx64/cmake-3.3.2/bin/cmake -E cmake_link_script CMakeFiles/cmTC_0c25b.dir/link.txt --verbose=1]
  ignore line: [/home/use/Packages/Xilinx_v2022.2/Vitis/2022.2/gnu/aarch64/lin/aarch64-linux/bin/aarch64-linux-gnu-gcc      -v CMakeFiles/cmTC_0c25b.dir/CMakeCCompilerABI.c.o  -o cmTC_0c25b -rdynamic  ]
  ignore line: [Using built-in specs.]
  ignore line: [COLLECT_GCC=/home/use/Packages/Xilinx_v2022.2/Vitis/2022.2/gnu/aarch64/lin/aarch64-linux/bin/../x86_64-petalinux-linux/usr/bin/aarch64-xilinx-linux/aarch64-xilinx-linux-gcc.real]
  ignore line: [COLLECT_LTO_WRAPPER=/home/use/Packages/Xilinx_v2022.2/Vitis/2022.2/gnu/aarch64/lin/aarch64-linux/x86_64-petalinux-linux/usr/bin/aarch64-xilinx-linux/../../libexec/aarch64-xilinx-linux/gcc/aarch64-xilinx-linux/11.2.0/lto-wrapper]
  ignore line: [Target: aarch64-xilinx-linux]
  ignore line: [Configured with: ../../../../../../work-shared/gcc-11.2.0-r0/gcc-11.2.0/configure --build=x86_64-linux --host=x86_64-petalinux-linux --target=aarch64-xilinx-linux --prefix=/usr/local/oe-sdk-hardcoded-buildpath/sysroots/x86_64-petalinux-linux/usr --exec_prefix=/usr/local/oe-sdk-hardcoded-buildpath/sysroots/x86_64-petalinux-linux/usr --bindir=/usr/local/oe-sdk-hardcoded-buildpath/sysroots/x86_64-petalinux-linux/usr/bin/aarch64-xilinx-linux --sbindir=/usr/local/oe-sdk-hardcoded-buildpath/sysroots/x86_64-petalinux-linux/usr/bin/aarch64-xilinx-linux --libexecdir=/usr/local/oe-sdk-hardcoded-buildpath/sysroots/x86_64-petalinux-linux/usr/libexec/aarch64-xilinx-linux --datadir=/usr/local/oe-sdk-hardcoded-buildpath/sysroots/x86_64-petalinux-linux/usr/share --sysconfdir=/usr/local/oe-sdk-hardcoded-buildpath/sysroots/x86_64-petalinux-linux/etc --sharedstatedir=/usr/local/oe-sdk-hardcoded-buildpath/sysroots/x86_64-petalinux-linux/com --localstatedir=/usr/local/oe-sdk-hardcoded-buildpath/sysroots/x86_64-petalinux-linux/var --libdir=/usr/local/oe-sdk-hardcoded-buildpath/sysroots/x86_64-petalinux-linux/usr/lib/aarch64-xilinx-linux --includedir=/usr/local/oe-sdk-hardcoded-buildpath/sysroots/x86_64-petalinux-linux/usr/include --oldincludedir=/usr/local/oe-sdk-hardcoded-buildpath/sysroots/x86_64-petalinux-linux/usr/include --infodir=/usr/local/oe-sdk-hardcoded-buildpath/sysroots/x86_64-petalinux-linux/usr/share/info --mandir=/usr/local/oe-sdk-hardcoded-buildpath/sysroots/x86_64-petalinux-linux/usr/share/man --disable-silent-rules --disable-dependency-tracking --with-libtool-sysroot=/scratch/mhatle/git/internal/2022/build-toolchain/tmp/work/x86_64-nativesdk-petalinux-linux/gcc-cross-canadian-aarch64/11.2.0-r0/recipe-sysroot --with-gnu-ld --enable-shared --enable-languages=c,c++ --enable-threads=posix --enable-multilib --enable-default-pie --enable-c99 --enable-long-long --enable-symvers=gnu --enable-libstdcxx-pch --program-prefix=aarch64-xilinx-linux- --without-local-prefix --disable-install-libiberty --disable-libssp --enable-libitm --enable-lto --disable-bootstrap --with-system-zlib --with-linker-hash-style=gnu --enable-linker-build-id --with-ppl=no --with-cloog=no --enable-checking=release --enable-cheaders=c_global --without-isl --with-gxx-include-dir=/not/exist/usr/include/c++/11.2.0 --with-build-time-tools=/scratch/mhatle/git/internal/2022/build-toolchain/tmp/work/x86_64-nativesdk-petalinux-linux/gcc-cross-canadian-aarch64/11.2.0-r0/recipe-sysroot-native/usr/aarch64-xilinx-linux/bin --with-sysroot=/not/exist --with-build-sysroot=/scratch/mhatle/git/internal/2022/build-toolchain/tmp/work/x86_64-nativesdk-petalinux-linux/gcc-cross-canadian-aarch64/11.2.0-r0/recipe-sysroot --enable-standard-branch-protection --enable-poison-system-directories --disable-static --enable-nls --with-glibc-version=2.28 --enable-initfini-array --enable-__cxa_atexit]
  ignore line: [Thread model: posix]
  ignore line: [Supported LTO compression algorithms: zlib zstd]
  ignore line: [gcc version 11.2.0 (GCC) ]
  ignore line: [COMPILER_PATH=/home/use/Packages/Xilinx_v2022.2/Vitis/2022.2/gnu/aarch64/lin/aarch64-linux/x86_64-petalinux-linux/usr/bin/aarch64-xilinx-linux/../../libexec/aarch64-xilinx-linux/gcc/aarch64-xilinx-linux/11.2.0/:/home/use/Packages/Xilinx_v2022.2/Vitis/2022.2/gnu/aarch64/lin/aarch64-linux/x86_64-petalinux-linux/usr/bin/aarch64-xilinx-linux/../../libexec/aarch64-xilinx-linux/gcc/]
  ignore line: [LIBRARY_PATH=/home/use/Packages/Xilinx_v2022.2/Vitis/2022.2/gnu/aarch64/lin/aarch64-linux/x86_64-petalinux-linux/usr/bin/aarch64-xilinx-linux/../../lib/aarch64-xilinx-linux/gcc/aarch64-xilinx-linux/11.2.0/:/home/use/Packages/Xilinx_v2022.2/Vitis/2022.2/gnu/aarch64/lin/aarch64-linux/x86_64-petalinux-linux/usr/bin/aarch64-xilinx-linux/../../lib/aarch64-xilinx-linux/gcc/:/home/use/Packages/Xilinx_v2022.2/Vitis/2022.2/gnu/aarch64/lin/aarch64-linux/bin/../aarch64-xilinx-linux/lib/:/home/use/Packages/Xilinx_v2022.2/Vitis/2022.2/gnu/aarch64/lin/aarch64-linux/bin/../aarch64-xilinx-linux/usr/lib/aarch64-xilinx-linux/11.2.0/:/home/use/Packages/Xilinx_v2022.2/Vitis/2022.2/gnu/aarch64/lin/aarch64-linux/bin/../aarch64-xilinx-linux/usr/lib/]
  ignore line: [COLLECT_GCC_OPTIONS='--sysroot=/home/use/Packages/Xilinx_v2022.2/Vitis/2022.2/gnu/aarch64/lin/aarch64-linux/bin/../aarch64-xilinx-linux' '-mbranch-protection=none' '-v' '-o' 'cmTC_0c25b' '-rdynamic' '-mlittle-endian' '-mabi=lp64' '-dumpdir' 'cmTC_0c25b.']
  link line: [ /home/use/Packages/Xilinx_v2022.2/Vitis/2022.2/gnu/aarch64/lin/aarch64-linux/x86_64-petalinux-linux/usr/bin/aarch64-xilinx-linux/../../libexec/aarch64-xilinx-linux/gcc/aarch64-xilinx-linux/11.2.0/collect2 -plugin /home/use/Packages/Xilinx_v2022.2/Vitis/2022.2/gnu/aarch64/lin/aarch64-linux/x86_64-petalinux-linux/usr/bin/aarch64-xilinx-linux/../../libexec/aarch64-xilinx-linux/gcc/aarch64-xilinx-linux/11.2.0/liblto_plugin.so -plugin-opt=/home/use/Packages/Xilinx_v2022.2/Vitis/2022.2/gnu/aarch64/lin/aarch64-linux/x86_64-petalinux-linux/usr/bin/aarch64-xilinx-linux/../../libexec/aarch64-xilinx-linux/gcc/aarch64-xilinx-linux/11.2.0/lto-wrapper -plugin-opt=-fresolution=/tmp/ccbmZmTO.res -plugin-opt=-pass-through=-lgcc -plugin-opt=-pass-through=-lgcc_s -plugin-opt=-pass-through=-lc -plugin-opt=-pass-through=-lgcc -plugin-opt=-pass-through=-lgcc_s --sysroot=/home/use/Packages/Xilinx_v2022.2/Vitis/2022.2/gnu/aarch64/lin/aarch64-linux/bin/../aarch64-xilinx-linux --build-id --eh-frame-hdr --hash-style=gnu -export-dynamic -dynamic-linker /lib/ld-linux-aarch64.so.1 -X -EL -maarch64linux -pie -o cmTC_0c25b /home/use/Packages/Xilinx_v2022.2/Vitis/2022.2/gnu/aarch64/lin/aarch64-linux/bin/../aarch64-xilinx-linux/usr/lib/Scrt1.o /home/use/Packages/Xilinx_v2022.2/Vitis/2022.2/gnu/aarch64/lin/aarch64-linux/bin/../aarch64-xilinx-linux/usr/lib/crti.o /home/use/Packages/Xilinx_v2022.2/Vitis/2022.2/gnu/aarch64/lin/aarch64-linux/bin/../aarch64-xilinx-linux/usr/lib/aarch64-xilinx-linux/11.2.0/crtbeginS.o -L/home/use/Packages/Xilinx_v2022.2/Vitis/2022.2/gnu/aarch64/lin/aarch64-linux/x86_64-petalinux-linux/usr/bin/aarch64-xilinx-linux/../../lib/aarch64-xilinx-linux/gcc/aarch64-xilinx-linux/11.2.0 -L/home/use/Packages/Xilinx_v2022.2/Vitis/2022.2/gnu/aarch64/lin/aarch64-linux/x86_64-petalinux-linux/usr/bin/aarch64-xilinx-linux/../../lib/aarch64-xilinx-linux/gcc -L/home/use/Packages/Xilinx_v2022.2/Vitis/2022.2/gnu/aarch64/lin/aarch64-linux/bin/../aarch64-xilinx-linux/lib -L/home/use/Packages/Xilinx_v2022.2/Vitis/2022.2/gnu/aarch64/lin/aarch64-linux/bin/../aarch64-xilinx-linux/usr/lib/aarch64-xilinx-linux/11.2.0 -L/home/use/Packages/Xilinx_v2022.2/Vitis/2022.2/gnu/aarch64/lin/aarch64-linux/bin/../aarch64-xilinx-linux/usr/lib CMakeFiles/cmTC_0c25b.dir/CMakeCCompilerABI.c.o -lgcc --push-state --as-needed -lgcc_s --pop-state -lc -lgcc --push-state --as-needed -lgcc_s --pop-state /home/use/Packages/Xilinx_v2022.2/Vitis/2022.2/gnu/aarch64/lin/aarch64-linux/bin/../aarch64-xilinx-linux/usr/lib/aarch64-xilinx-linux/11.2.0/crtendS.o /home/use/Packages/Xilinx_v2022.2/Vitis/2022.2/gnu/aarch64/lin/aarch64-linux/bin/../aarch64-xilinx-linux/usr/lib/crtn.o]
    arg [/home/use/Packages/Xilinx_v2022.2/Vitis/2022.2/gnu/aarch64/lin/aarch64-linux/x86_64-petalinux-linux/usr/bin/aarch64-xilinx-linux/../../libexec/aarch64-xilinx-linux/gcc/aarch64-xilinx-linux/11.2.0/collect2] ==> ignore
    arg [-plugin] ==> ignore
    arg [/home/use/Packages/Xilinx_v2022.2/Vitis/2022.2/gnu/aarch64/lin/aarch64-linux/x86_64-petalinux-linux/usr/bin/aarch64-xilinx-linux/../../libexec/aarch64-xilinx-linux/gcc/aarch64-xilinx-linux/11.2.0/liblto_plugin.so] ==> ignore
    arg [-plugin-opt=/home/use/Packages/Xilinx_v2022.2/Vitis/2022.2/gnu/aarch64/lin/aarch64-linux/x86_64-petalinux-linux/usr/bin/aarch64-xilinx-linux/../../libexec/aarch64-xilinx-linux/gcc/aarch64-xilinx-linux/11.2.0/lto-wrapper] ==> ignore
    arg [-plugin-opt=-fresolution=/tmp/ccbmZmTO.res] ==> ignore
    arg [-plugin-opt=-pass-through=-lgcc] ==> ignore
    arg [-plugin-opt=-pass-through=-lgcc_s] ==> ignore
    arg [-plugin-opt=-pass-through=-lc] ==> ignore
    arg [-plugin-opt=-pass-through=-lgcc] ==> ignore
    arg [-plugin-opt=-pass-through=-lgcc_s] ==> ignore
    arg [--sysroot=/home/use/Packages/Xilinx_v2022.2/Vitis/2022.2/gnu/aarch64/lin/aarch64-linux/bin/../aarch64-xilinx-linux] ==> ignore
    arg [--build-id] ==> ignore
    arg [--eh-frame-hdr] ==> ignore
    arg [--hash-style=gnu] ==> ignore
    arg [-export-dynamic] ==> ignore
    arg [-dynamic-linker] ==> ignore
    arg [/lib/ld-linux-aarch64.so.1] ==> ignore
    arg [-X] ==> ignore
    arg [-EL] ==> ignore
    arg [-maarch64linux] ==> ignore
    arg [-pie] ==> ignore
    arg [-o] ==> ignore
    arg [cmTC_0c25b] ==> ignore
    arg [/home/use/Packages/Xilinx_v2022.2/Vitis/2022.2/gnu/aarch64/lin/aarch64-linux/bin/../aarch64-xilinx-linux/usr/lib/Scrt1.o] ==> ignore
    arg [/home/use/Packages/Xilinx_v2022.2/Vitis/2022.2/gnu/aarch64/lin/aarch64-linux/bin/../aarch64-xilinx-linux/usr/lib/crti.o] ==> ignore
    arg [/home/use/Packages/Xilinx_v2022.2/Vitis/2022.2/gnu/aarch64/lin/aarch64-linux/bin/../aarch64-xilinx-linux/usr/lib/aarch64-xilinx-linux/11.2.0/crtbeginS.o] ==> ignore
    arg [-L/home/use/Packages/Xilinx_v2022.2/Vitis/2022.2/gnu/aarch64/lin/aarch64-linux/x86_64-petalinux-linux/usr/bin/aarch64-xilinx-linux/../../lib/aarch64-xilinx-linux/gcc/aarch64-xilinx-linux/11.2.0] ==> dir [/home/use/Packages/Xilinx_v2022.2/Vitis/2022.2/gnu/aarch64/lin/aarch64-linux/x86_64-petalinux-linux/usr/bin/aarch64-xilinx-linux/../../lib/aarch64-xilinx-linux/gcc/aarch64-xilinx-linux/11.2.0]
    arg [-L/home/use/Packages/Xilinx_v2022.2/Vitis/2022.2/gnu/aarch64/lin/aarch64-linux/x86_64-petalinux-linux/usr/bin/aarch64-xilinx-linux/../../lib/aarch64-xilinx-linux/gcc] ==> dir [/home/use/Packages/Xilinx_v2022.2/Vitis/2022.2/gnu/aarch64/lin/aarch64-linux/x86_64-petalinux-linux/usr/bin/aarch64-xilinx-linux/../../lib/aarch64-xilinx-linux/gcc]
    arg [-L/home/use/Packages/Xilinx_v2022.2/Vitis/2022.2/gnu/aarch64/lin/aarch64-linux/bin/../aarch64-xilinx-linux/lib] ==> dir [/home/use/Packages/Xilinx_v2022.2/Vitis/2022.2/gnu/aarch64/lin/aarch64-linux/bin/../aarch64-xilinx-linux/lib]
    arg [-L/home/use/Packages/Xilinx_v2022.2/Vitis/2022.2/gnu/aarch64/lin/aarch64-linux/bin/../aarch64-xilinx-linux/usr/lib/aarch64-xilinx-linux/11.2.0] ==> dir [/home/use/Packages/Xilinx_v2022.2/Vitis/2022.2/gnu/aarch64/lin/aarch64-linux/bin/../aarch64-xilinx-linux/usr/lib/aarch64-xilinx-linux/11.2.0]
    arg [-L/home/use/Packages/Xilinx_v2022.2/Vitis/2022.2/gnu/aarch64/lin/aarch64-linux/bin/../aarch64-xilinx-linux/usr/lib] ==> dir [/home/use/Packages/Xilinx_v2022.2/Vitis/2022.2/gnu/aarch64/lin/aarch64-linux/bin/../aarch64-xilinx-linux/usr/lib]
    arg [CMakeFiles/cmTC_0c25b.dir/CMakeCCompilerABI.c.o] ==> ignore
    arg [-lgcc] ==> lib [gcc]
    arg [--push-state] ==> ignore
    arg [--as-needed] ==> ignore
    arg [-lgcc_s] ==> lib [gcc_s]
    arg [--pop-state] ==> ignore
    arg [-lc] ==> lib [c]
    arg [-lgcc] ==> lib [gcc]
    arg [--push-state] ==> ignore
    arg [--as-needed] ==> ignore
    arg [-lgcc_s] ==> lib [gcc_s]
    arg [--pop-state] ==> ignore
    arg [/home/use/Packages/Xilinx_v2022.2/Vitis/2022.2/gnu/aarch64/lin/aarch64-linux/bin/../aarch64-xilinx-linux/usr/lib/aarch64-xilinx-linux/11.2.0/crtendS.o] ==> ignore
    arg [/home/use/Packages/Xilinx_v2022.2/Vitis/2022.2/gnu/aarch64/lin/aarch64-linux/bin/../aarch64-xilinx-linux/usr/lib/crtn.o] ==> ignore
  remove lib [gcc]
  remove lib [gcc_s]
  remove lib [gcc]
  remove lib [gcc_s]
  collapse library dir [/home/use/Packages/Xilinx_v2022.2/Vitis/2022.2/gnu/aarch64/lin/aarch64-linux/x86_64-petalinux-linux/usr/bin/aarch64-xilinx-linux/../../lib/aarch64-xilinx-linux/gcc/aarch64-xilinx-linux/11.2.0] ==> [/home/use/Packages/Xilinx_v2022.2/Vitis/2022.2/gnu/aarch64/lin/aarch64-linux/x86_64-petalinux-linux/usr/lib/aarch64-xilinx-linux/gcc/aarch64-xilinx-linux/11.2.0]
  collapse library dir [/home/use/Packages/Xilinx_v2022.2/Vitis/2022.2/gnu/aarch64/lin/aarch64-linux/x86_64-petalinux-linux/usr/bin/aarch64-xilinx-linux/../../lib/aarch64-xilinx-linux/gcc] ==> [/home/use/Packages/Xilinx_v2022.2/Vitis/2022.2/gnu/aarch64/lin/aarch64-linux/x86_64-petalinux-linux/usr/lib/aarch64-xilinx-linux/gcc]
  collapse library dir [/home/use/Packages/Xilinx_v2022.2/Vitis/2022.2/gnu/aarch64/lin/aarch64-linux/bin/../aarch64-xilinx-linux/lib] ==> [/home/use/Packages/Xilinx_v2022.2/Vitis/2022.2/gnu/aarch64/lin/aarch64-linux/aarch64-xilinx-linux/lib]
  collapse library dir [/home/use/Packages/Xilinx_v2022.2/Vitis/2022.2/gnu/aarch64/lin/aarch64-linux/bin/../aarch64-xilinx-linux/usr/lib/aarch64-xilinx-linux/11.2.0] ==> [/home/use/Packages/Xilinx_v2022.2/Vitis/2022.2/gnu/aarch64/lin/aarch64-linux/aarch64-xilinx-linux/usr/lib/aarch64-xilinx-linux/11.2.0]
  collapse library dir [/home/use/Packages/Xilinx_v2022.2/Vitis/2022.2/gnu/aarch64/lin/aarch64-linux/bin/../aarch64-xilinx-linux/usr/lib] ==> [/home/use/Packages/Xilinx_v2022.2/Vitis/2022.2/gnu/aarch64/lin/aarch64-linux/aarch64-xilinx-linux/usr/lib]
  implicit libs: [c]
  implicit dirs: [/home/use/Packages/Xilinx_v2022.2/Vitis/2022.2/gnu/aarch64/lin/aarch64-linux/x86_64-petalinux-linux/usr/lib/aarch64-xilinx-linux/gcc/aarch64-xilinx-linux/11.2.0;/home/use/Packages/Xilinx_v2022.2/Vitis/2022.2/gnu/aarch64/lin/aarch64-linux/x86_64-petalinux-linux/usr/lib/aarch64-xilinx-linux/gcc;/home/use/Packages/Xilinx_v2022.2/Vitis/2022.2/gnu/aarch64/lin/aarch64-linux/aarch64-xilinx-linux/lib;/home/use/Packages/Xilinx_v2022.2/Vitis/2022.2/gnu/aarch64/lin/aarch64-linux/aarch64-xilinx-linux/usr/lib/aarch64-xilinx-linux/11.2.0;/home/use/Packages/Xilinx_v2022.2/Vitis/2022.2/gnu/aarch64/lin/aarch64-linux/aarch64-xilinx-linux/usr/lib]
  implicit fwks: []




Detecting C [-std=c11] compiler features compiled with the following output:
Change Dir: /home/use/Projects/quadruped/software/build/CMakeFiles/CMakeTmp

Run Build Command:"/usr/bin/make" "cmTC_710c0/fast"
/usr/bin/make -f CMakeFiles/cmTC_710c0.dir/build.make CMakeFiles/cmTC_710c0.dir/build
make[1]: Entering directory '/home/use/Projects/quadruped/software/build/CMakeFiles/CMakeTmp'
Building C object CMakeFiles/cmTC_710c0.dir/feature_tests.c.o
/home/use/Packages/Xilinx_v2022.2/Vitis/2022.2/gnu/aarch64/lin/aarch64-linux/bin/aarch64-linux-gnu-gcc   -std=c11 -o CMakeFiles/cmTC_710c0.dir/feature_tests.c.o   -c /home/use/Projects/quadruped/software/build/CMakeFiles/feature_tests.c
Linking C executable cmTC_710c0
/home/use/Packages/Xilinx_v2022.2/Vitis/2022.2/tps/lnx64/cmake-3.3.2/bin/cmake -E cmake_link_script CMakeFiles/cmTC_710c0.dir/link.txt --verbose=1
/home/use/Packages/Xilinx_v2022.2/Vitis/2022.2/gnu/aarch64/lin/aarch64-linux/bin/aarch64-linux-gnu-gcc       CMakeFiles/cmTC_710c0.dir/feature_tests.c.o  -o cmTC_710c0 -rdynamic 
make[1]: Leaving directory '/home/use/Projects/quadruped/software/build/CMakeFiles/CMakeTmp'


    Feature record: C_FEATURE:1c_function_prototypes
    Feature record: C_FEATURE:1c_restrict
    Feature record: C_FEATURE:1c_static_assert
    Feature record: C_FEATURE:1c_variadic_macros


Detecting C [-std=c99] compiler features compiled with the following output:
Change Dir: /home/use/Projects/quadruped/software/build/CMakeFiles/CMakeTmp

Run Build Command:"/usr/bin/make" "cmTC_e4cb8/fast"
/usr/bin/make -f CMakeFiles/cmTC_e4cb8.dir/build.make CMakeFiles/cmTC_e4cb8.dir/build
make[1]: Entering directory '/home/use/Projects/quadruped/software/build/CMakeFiles/CMakeTmp'
Building C object CMakeFiles/cmTC_e4cb8.dir/feature_tests.c.o
/home/use/Packages/Xilinx_v2022.2/Vitis/2022.2/gnu/aarch64/lin/aarch64-linux/bin/aarch64-linux-gnu-gcc   -std=c99 -o CMakeFiles/cmTC_e4cb8.dir/feature_tests.c.o   -c /home/use/Projects/quadruped/software/build/CMakeFiles/feature_tests.c
Linking C executable cmTC_e4cb8
/home/use/Packages/Xilinx_v2022.2/Vitis/2022.2/tps/lnx64/cmake-3.3.2/bin/cmake -E cmake_link_script CMakeFiles/cmTC_e4cb8.dir/link.txt --verbose=1
/home/use/Packages/Xilinx_v2022.2/Vitis/2022.2/gnu/aarch64/lin/aarch64-linux/bin/aarch64-linux-gnu-gcc       CMakeFiles/cmTC_e4cb8.dir/feature_tests.c.o  -o cmTC_e4cb8 -rdynamic 
make[1]: Leaving directory '/home/use/Projects/quadruped/software/build/CMakeFiles/CMakeTmp'


    Feature record: C_FEATURE:1c_function_prototypes
    Feature record: C_FEATURE:1c_restrict
    Feature record: C_FEATURE:0c_static_assert
    Feature record: C_FEATURE:1c_variadic_macros


Detecting C [-std=c90] compiler features compiled with the following output:
Change Dir: /home/use/Projects/quadruped/software/build/CMakeFiles/CMakeTmp

Run Build Command:"/usr/bin/make" "cmTC_47c50/fast"
/usr/bin/make -f CMakeFiles/cmTC_47c50.dir/build.make CMakeFiles/cmTC_47c50.dir/build
make[1]: Entering directory '/home/use/Projects/quadruped/software/build/CMakeFiles/CMakeTmp'
Building C object CMakeFiles/cmTC_47c50.dir/feature_tests.c.o
/home/use/Packages/Xilinx_v2022.2/Vitis/2022.2/gnu/aarch64/lin/aarch64-linux/bin/aarch64-linux-gnu-gcc   -std=c90 -o CMakeFiles/cmTC_47c50.dir/feature_tests.c.o   -c /home/use/Projects/quadruped/software/build/CMakeFiles/feature_tests.c
Linking C executable cmTC_47c50
/home/use/Packages/Xilinx_v2022.2/Vitis/2022.2/tps/lnx64/cmake-3.3.2/bin/cmake -E cmake_link_script CMakeFiles/cmTC_47c50.dir/link.txt --verbose=1
/home/use/Packages/Xilinx_v2022.2/Vitis/2022.2/gnu/aarch64/lin/aarch64-linux/bin/aarch64-linux-gnu-gcc       CMakeFiles/cmTC_47c50.dir/feature_tests.c.o  -o cmTC_47c50 -rdynamic 
make[1]: Leaving directory '/home/use/Projects/quadruped/software/build/CMakeFiles/CMakeTmp'


    Feature record: C_FEATURE:1c_function_prototypes
    Feature record: C_FEATURE:0c_restrict
    Feature record: C_FEATURE:0c_static_assert
    Feature record: C_FEATURE:0c_variadic_macros
Determining if the CXX compiler works passed with the following output:
Change Dir: /home/use/Projects/quadruped/software/build/CMakeFiles/CMakeTmp

Run Build Command:"/usr/bin/make" "cmTC_79865/fast"
/usr/bin/make -f CMakeFiles/cmTC_79865.dir/build.make CMakeFiles/cmTC_79865.dir/build
make[1]: Entering directory '/home/use/Projects/quadruped/software/build/CMakeFiles/CMakeTmp'
Building CXX object CMakeFiles/cmTC_79865.dir/testCXXCompiler.cxx.o
/home/use/Packages/Xilinx_v2022.2/Vitis/2022.2/gnu/aarch64/lin/aarch64-linux/bin/aarch64-linux-gnu-g++     -o CMakeFiles/cmTC_79865.dir/testCXXCompiler.cxx.o -c /home/use/Projects/quadruped/software/build/CMakeFiles/CMakeTmp/testCXXCompiler.cxx
Linking CXX executable cmTC_79865
/home/use/Packages/Xilinx_v2022.2/Vitis/2022.2/tps/lnx64/cmake-3.3.2/bin/cmake -E cmake_link_script CMakeFiles/cmTC_79865.dir/link.txt --verbose=1
/home/use/Packages/Xilinx_v2022.2/Vitis/2022.2/gnu/aarch64/lin/aarch64-linux/bin/aarch64-linux-gnu-g++        CMakeFiles/cmTC_79865.dir/testCXXCompiler.cxx.o  -o cmTC_79865 -rdynamic 
make[1]: Leaving directory '/home/use/Projects/quadruped/software/build/CMakeFiles/CMakeTmp'


Detecting CXX compiler ABI info compiled with the following output:
Change Dir: /home/use/Projects/quadruped/software/build/CMakeFiles/CMakeTmp

Run Build Command:"/usr/bin/make" "cmTC_569a9/fast"
/usr/bin/make -f CMakeFiles/cmTC_569a9.dir/build.make CMakeFiles/cmTC_569a9.dir/build
make[1]: Entering directory '/home/use/Projects/quadruped/software/build/CMakeFiles/CMakeTmp'
Building CXX object CMakeFiles/cmTC_569a9.dir/CMakeCXXCompilerABI.cpp.o
/home/use/Packages/Xilinx_v2022.2/Vitis/2022.2/gnu/aarch64/lin/aarch64-linux/bin/aarch64-linux-gnu-g++     -o CMakeFiles/cmTC_569a9.dir/CMakeCXXCompilerABI.cpp.o -c /home/use/Packages/Xilinx_v2022.2/Vitis/2022.2/tps/lnx64/cmake-3.3.2/share/cmake-3.3/Modules/CMakeCXXCompilerABI.cpp
Linking CXX executable cmTC_569a9
/home/use/Packages/Xilinx_v2022.2/Vitis/2022.2/tps/lnx64/cmake-3.3.2/bin/cmake -E cmake_link_script CMakeFiles/cmTC_569a9.dir/link.txt --verbose=1
/home/use/Packages/Xilinx_v2022.2/Vitis/2022.2/gnu/aarch64/lin/aarch64-linux/bin/aarch64-linux-gnu-g++       -v CMakeFiles/cmTC_569a9.dir/CMakeCXXCompilerABI.cpp.o  -o cmTC_569a9 -rdynamic  
Using built-in specs.
COLLECT_GCC=/home/use/Packages/Xilinx_v2022.2/Vitis/2022.2/gnu/aarch64/lin/aarch64-linux/bin/../x86_64-petalinux-linux/usr/bin/aarch64-xilinx-linux/aarch64-xilinx-linux-g++.real
COLLECT_LTO_WRAPPER=/home/use/Packages/Xilinx_v2022.2/Vitis/2022.2/gnu/aarch64/lin/aarch64-linux/x86_64-petalinux-linux/usr/bin/aarch64-xilinx-linux/../../libexec/aarch64-xilinx-linux/gcc/aarch64-xilinx-linux/11.2.0/lto-wrapper
Target: aarch64-xilinx-linux
Configured with: ../../../../../../work-shared/gcc-11.2.0-r0/gcc-11.2.0/configure --build=x86_64-linux --host=x86_64-petalinux-linux --target=aarch64-xilinx-linux --prefix=/usr/local/oe-sdk-hardcoded-buildpath/sysroots/x86_64-petalinux-linux/usr --exec_prefix=/usr/local/oe-sdk-hardcoded-buildpath/sysroots/x86_64-petalinux-linux/usr --bindir=/usr/local/oe-sdk-hardcoded-buildpath/sysroots/x86_64-petalinux-linux/usr/bin/aarch64-xilinx-linux --sbindir=/usr/local/oe-sdk-hardcoded-buildpath/sysroots/x86_64-petalinux-linux/usr/bin/aarch64-xilinx-linux --libexecdir=/usr/local/oe-sdk-hardcoded-buildpath/sysroots/x86_64-petalinux-linux/usr/libexec/aarch64-xilinx-linux --datadir=/usr/local/oe-sdk-hardcoded-buildpath/sysroots/x86_64-petalinux-linux/usr/share --sysconfdir=/usr/local/oe-sdk-hardcoded-buildpath/sysroots/x86_64-petalinux-linux/etc --sharedstatedir=/usr/local/oe-sdk-hardcoded-buildpath/sysroots/x86_64-petalinux-linux/com --localstatedir=/usr/local/oe-sdk-hardcoded-buildpath/sysroots/x86_64-petalinux-linux/var --libdir=/usr/local/oe-sdk-hardcoded-buildpath/sysroots/x86_64-petalinux-linux/usr/lib/aarch64-xilinx-linux --includedir=/usr/local/oe-sdk-hardcoded-buildpath/sysroots/x86_64-petalinux-linux/usr/include --oldincludedir=/usr/local/oe-sdk-hardcoded-buildpath/sysroots/x86_64-petalinux-linux/usr/include --infodir=/usr/local/oe-sdk-hardcoded-buildpath/sysroots/x86_64-petalinux-linux/usr/share/info --mandir=/usr/local/oe-sdk-hardcoded-buildpath/sysroots/x86_64-petalinux-linux/usr/share/man --disable-silent-rules --disable-dependency-tracking --with-libtool-sysroot=/scratch/mhatle/git/internal/2022/build-toolchain/tmp/work/x86_64-nativesdk-petalinux-linux/gcc-cross-canadian-aarch64/11.2.0-r0/recipe-sysroot --with-gnu-ld --enable-shared --enable-languages=c,c++ --enable-threads=posix --enable-multilib --enable-default-pie --enable-c99 --enable-long-long --enable-symvers=gnu --enable-libstdcxx-pch --program-prefix=aarch64-xilinx-linux- --without-local-prefix --disable-install-libiberty --disable-libssp --enable-libitm --enable-lto --disable-bootstrap --with-system-zlib --with-linker-hash-style=gnu --enable-linker-build-id --with-ppl=no --with-cloog=no --enable-checking=release --enable-cheaders=c_global --without-isl --with-gxx-include-dir=/not/exist/usr/include/c++/11.2.0 --with-build-time-tools=/scratch/mhatle/git/internal/2022/build-toolchain/tmp/work/x86_64-nativesdk-petalinux-linux/gcc-cross-canadian-aarch64/11.2.0-r0/recipe-sysroot-native/usr/aarch64-xilinx-linux/bin --with-sysroot=/not/exist --with-build-sysroot=/scratch/mhatle/git/internal/2022/build-toolchain/tmp/work/x86_64-nativesdk-petalinux-linux/gcc-cross-canadian-aarch64/11.2.0-r0/recipe-sysroot --enable-standard-branch-protection --enable-poison-system-directories --disable-static --enable-nls --with-glibc-version=2.28 --enable-initfini-array --enable-__cxa_atexit
Thread model: posix
Supported LTO compression algorithms: zlib zstd
gcc version 11.2.0 (GCC) 
COMPILER_PATH=/home/use/Packages/Xilinx_v2022.2/Vitis/2022.2/gnu/aarch64/lin/aarch64-linux/x86_64-petalinux-linux/usr/bin/aarch64-xilinx-linux/../../libexec/aarch64-xilinx-linux/gcc/aarch64-xilinx-linux/11.2.0/:/home/use/Packages/Xilinx_v2022.2/Vitis/2022.2/gnu/aarch64/lin/aarch64-linux/x86_64-petalinux-linux/usr/bin/aarch64-xilinx-linux/../../libexec/aarch64-xilinx-linux/gcc/
LIBRARY_PATH=/home/use/Packages/Xilinx_v2022.2/Vitis/2022.2/gnu/aarch64/lin/aarch64-linux/x86_64-petalinux-linux/usr/bin/aarch64-xilinx-linux/../../lib/aarch64-xilinx-linux/gcc/aarch64-xilinx-linux/11.2.0/:/home/use/Packages/Xilinx_v2022.2/Vitis/2022.2/gnu/aarch64/lin/aarch64-linux/x86_64-petalinux-linux/usr/bin/aarch64-xilinx-linux/../../lib/aarch64-xilinx-linux/gcc/:/home/use/Packages/Xilinx_v2022.2/Vitis/2022.2/gnu/aarch64/lin/aarch64-linux/bin/../aarch64-xilinx-linux/lib/:/home/use/Packages/Xilinx_v2022.2/Vitis/2022.2/gnu/aarch64/lin/aarch64-linux/bin/../aarch64-xilinx-linux/usr/lib/aarch64-xilinx-linux/11.2.0/:/home/use/Packages/Xilinx_v2022.2/Vitis/2022.2/gnu/aarch64/lin/aarch64-linux/bin/../aarch64-xilinx-linux/usr/lib/
COLLECT_GCC_OPTIONS='--sysroot=/home/use/Packages/Xilinx_v2022.2/Vitis/2022.2/gnu/aarch64/lin/aarch64-linux/bin/../aarch64-xilinx-linux' '-mbranch-protection=none' '-v' '-o' 'cmTC_569a9' '-rdynamic' '-shared-libgcc' '-mlittle-endian' '-mabi=lp64' '-dumpdir' 'cmTC_569a9.'
 /home/use/Packages/Xilinx_v2022.2/Vitis/2022.2/gnu/aarch64/lin/aarch64-linux/x86_64-petalinux-linux/usr/bin/aarch64-xilinx-linux/../../libexec/aarch64-xilinx-linux/gcc/aarch64-xilinx-linux/11.2.0/collect2 -plugin /home/use/Packages/Xilinx_v2022.2/Vitis/2022.2/gnu/aarch64/lin/aarch64-linux/x86_64-petalinux-linux/usr/bin/aarch64-xilinx-linux/../../libexec/aarch64-xilinx-linux/gcc/aarch64-xilinx-linux/11.2.0/liblto_plugin.so -plugin-opt=/home/use/Packages/Xilinx_v2022.2/Vitis/2022.2/gnu/aarch64/lin/aarch64-linux/x86_64-petalinux-linux/usr/bin/aarch64-xilinx-linux/../../libexec/aarch64-xilinx-linux/gcc/aarch64-xilinx-linux/11.2.0/lto-wrapper -plugin-opt=-fresolution=/tmp/ccPly6E5.res -plugin-opt=-pass-through=-lgcc_s -plugin-opt=-pass-through=-lgcc -plugin-opt=-pass-through=-lc -plugin-opt=-pass-through=-lgcc_s -plugin-opt=-pass-through=-lgcc --sysroot=/home/use/Packages/Xilinx_v2022.2/Vitis/2022.2/gnu/aarch64/lin/aarch64-linux/bin/../aarch64-xilinx-linux --build-id --eh-frame-hdr --hash-style=gnu -export-dynamic -dynamic-linker /lib/ld-linux-aarch64.so.1 -X -EL -maarch64linux -pie -o cmTC_569a9 /home/use/Packages/Xilinx_v2022.2/Vitis/2022.2/gnu/aarch64/lin/aarch64-linux/bin/../aarch64-xilinx-linux/usr/lib/Scrt1.o /home/use/Packages/Xilinx_v2022.2/Vitis/2022.2/gnu/aarch64/lin/aarch64-linux/bin/../aarch64-xilinx-linux/usr/lib/crti.o /home/use/Packages/Xilinx_v2022.2/Vitis/2022.2/gnu/aarch64/lin/aarch64-linux/bin/../aarch64-xilinx-linux/usr/lib/aarch64-xilinx-linux/11.2.0/crtbeginS.o -L/home/use/Packages/Xilinx_v2022.2/Vitis/2022.2/gnu/aarch64/lin/aarch64-linux/x86_64-petalinux-linux/usr/bin/aarch64-xilinx-linux/../../lib/aarch64-xilinx-linux/gcc/aarch64-xilinx-linux/11.2.0 -L/home/use/Packages/Xilinx_v2022.2/Vitis/2022.2/gnu/aarch64/lin/aarch64-linux/x86_64-petalinux-linux/usr/bin/aarch64-xilinx-linux/../../lib/aarch64-xilinx-linux/gcc -L/home/use/Packages/Xilinx_v2022.2/Vitis/2022.2/gnu/aarch64/lin/aarch64-linux/bin/../aarch64-xilinx-linux/lib -L/home/use/Packages/Xilinx_v2022.2/Vitis/2022.2/gnu/aarch64/lin/aarch64-linux/bin/../aarch64-xilinx-linux/usr/lib/aarch64-xilinx-linux/11.2.0 -L/home/use/Packages/Xilinx_v2022.2/Vitis/2022.2/gnu/aarch64/lin/aarch64-linux/bin/../aarch64-xilinx-linux/usr/lib CMakeFiles/cmTC_569a9.dir/CMakeCXXCompilerABI.cpp.o -lstdc++ -lm -lgcc_s -lgcc -lc -lgcc_s -lgcc /home/use/Packages/Xilinx_v2022.2/Vitis/2022.2/gnu/aarch64/lin/aarch64-linux/bin/../aarch64-xilinx-linux/usr/lib/aarch64-xilinx-linux/11.2.0/crtendS.o /home/use/Packages/Xilinx_v2022.2/Vitis/2022.2/gnu/aarch64/lin/aarch64-linux/bin/../aarch64-xilinx-linux/usr/lib/crtn.o
COLLECT_GCC_OPTIONS='--sysroot=/home/use/Packages/Xilinx_v2022.2/Vitis/2022.2/gnu/aarch64/lin/aarch64-linux/bin/../aarch64-xilinx-linux' '-mbranch-protection=none' '-v' '-o' 'cmTC_569a9' '-rdynamic' '-shared-libgcc' '-mlittle-endian' '-mabi=lp64' '-dumpdir' 'cmTC_569a9.'
make[1]: Leaving directory '/home/use/Projects/quadruped/software/build/CMakeFiles/CMakeTmp'


Parsed CXX implicit link information from above output:
  link line regex: [^( *|.*[/\])(aarch64-linux-gnu-ld|([^/\]+-)?ld|collect2)[^/\]*( |$)]
  ignore line: [Change Dir: /home/use/Projects/quadruped/software/build/CMakeFiles/CMakeTmp]
  ignore line: []
  ignore line: [Run Build Command:"/usr/bin/make" "cmTC_569a9/fast"]
  ignore line: [/usr/bin/make -f CMakeFiles/cmTC_569a9.dir/build.make CMakeFiles/cmTC_569a9.dir/build]
  ignore line: [make[1]: Entering directory '/home/use/Projects/quadruped/software/build/CMakeFiles/CMakeTmp']
  ignore line: [Building CXX object CMakeFiles/cmTC_569a9.dir/CMakeCXXCompilerABI.cpp.o]
  ignore line: [/home/use/Packages/Xilinx_v2022.2/Vitis/2022.2/gnu/aarch64/lin/aarch64-linux/bin/aarch64-linux-gnu-g++     -o CMakeFiles/cmTC_569a9.dir/CMakeCXXCompilerABI.cpp.o -c /home/use/Packages/Xilinx_v2022.2/Vitis/2022.2/tps/lnx64/cmake-3.3.2/share/cmake-3.3/Modules/CMakeCXXCompilerABI.cpp]
  ignore line: [Linking CXX executable cmTC_569a9]
  ignore line: [/home/use/Packages/Xilinx_v2022.2/Vitis/2022.2/tps/lnx64/cmake-3.3.2/bin/cmake -E cmake_link_script CMakeFiles/cmTC_569a9.dir/link.txt --verbose=1]
  ignore line: [/home/use/Packages/Xilinx_v2022.2/Vitis/2022.2/gnu/aarch64/lin/aarch64-linux/bin/aarch64-linux-gnu-g++       -v CMakeFiles/cmTC_569a9.dir/CMakeCXXCompilerABI.cpp.o  -o cmTC_569a9 -rdynamic  ]
  ignore line: [Using built-in specs.]
  ignore line: [COLLECT_GCC=/home/use/Packages/Xilinx_v2022.2/Vitis/2022.2/gnu/aarch64/lin/aarch64-linux/bin/../x86_64-petalinux-linux/usr/bin/aarch64-xilinx-linux/aarch64-xilinx-linux-g++.real]
  ignore line: [COLLECT_LTO_WRAPPER=/home/use/Packages/Xilinx_v2022.2/Vitis/2022.2/gnu/aarch64/lin/aarch64-linux/x86_64-petalinux-linux/usr/bin/aarch64-xilinx-linux/../../libexec/aarch64-xilinx-linux/gcc/aarch64-xilinx-linux/11.2.0/lto-wrapper]
  ignore line: [Target: aarch64-xilinx-linux]
  ignore line: [Configured with: ../../../../../../work-shared/gcc-11.2.0-r0/gcc-11.2.0/configure --build=x86_64-linux --host=x86_64-petalinux-linux --target=aarch64-xilinx-linux --prefix=/usr/local/oe-sdk-hardcoded-buildpath/sysroots/x86_64-petalinux-linux/usr --exec_prefix=/usr/local/oe-sdk-hardcoded-buildpath/sysroots/x86_64-petalinux-linux/usr --bindir=/usr/local/oe-sdk-hardcoded-buildpath/sysroots/x86_64-petalinux-linux/usr/bin/aarch64-xilinx-linux --sbindir=/usr/local/oe-sdk-hardcoded-buildpath/sysroots/x86_64-petalinux-linux/usr/bin/aarch64-xilinx-linux --libexecdir=/usr/local/oe-sdk-hardcoded-buildpath/sysroots/x86_64-petalinux-linux/usr/libexec/aarch64-xilinx-linux --datadir=/usr/local/oe-sdk-hardcoded-buildpath/sysroots/x86_64-petalinux-linux/usr/share --sysconfdir=/usr/local/oe-sdk-hardcoded-buildpath/sysroots/x86_64-petalinux-linux/etc --sharedstatedir=/usr/local/oe-sdk-hardcoded-buildpath/sysroots/x86_64-petalinux-linux/com --localstatedir=/usr/local/oe-sdk-hardcoded-buildpath/sysroots/x86_64-petalinux-linux/var --libdir=/usr/local/oe-sdk-hardcoded-buildpath/sysroots/x86_64-petalinux-linux/usr/lib/aarch64-xilinx-linux --includedir=/usr/local/oe-sdk-hardcoded-buildpath/sysroots/x86_64-petalinux-linux/usr/include --oldincludedir=/usr/local/oe-sdk-hardcoded-buildpath/sysroots/x86_64-petalinux-linux/usr/include --infodir=/usr/local/oe-sdk-hardcoded-buildpath/sysroots/x86_64-petalinux-linux/usr/share/info --mandir=/usr/local/oe-sdk-hardcoded-buildpath/sysroots/x86_64-petalinux-linux/usr/share/man --disable-silent-rules --disable-dependency-tracking --with-libtool-sysroot=/scratch/mhatle/git/internal/2022/build-toolchain/tmp/work/x86_64-nativesdk-petalinux-linux/gcc-cross-canadian-aarch64/11.2.0-r0/recipe-sysroot --with-gnu-ld --enable-shared --enable-languages=c,c++ --enable-threads=posix --enable-multilib --enable-default-pie --enable-c99 --enable-long-long --enable-symvers=gnu --enable-libstdcxx-pch --program-prefix=aarch64-xilinx-linux- --without-local-prefix --disable-install-libiberty --disable-libssp --enable-libitm --enable-lto --disable-bootstrap --with-system-zlib --with-linker-hash-style=gnu --enable-linker-build-id --with-ppl=no --with-cloog=no --enable-checking=release --enable-cheaders=c_global --without-isl --with-gxx-include-dir=/not/exist/usr/include/c++/11.2.0 --with-build-time-tools=/scratch/mhatle/git/internal/2022/build-toolchain/tmp/work/x86_64-nativesdk-petalinux-linux/gcc-cross-canadian-aarch64/11.2.0-r0/recipe-sysroot-native/usr/aarch64-xilinx-linux/bin --with-sysroot=/not/exist --with-build-sysroot=/scratch/mhatle/git/internal/2022/build-toolchain/tmp/work/x86_64-nativesdk-petalinux-linux/gcc-cross-canadian-aarch64/11.2.0-r0/recipe-sysroot --enable-standard-branch-protection --enable-poison-system-directories --disable-static --enable-nls --with-glibc-version=2.28 --enable-initfini-array --enable-__cxa_atexit]
  ignore line: [Thread model: posix]
  ignore line: [Supported LTO compression algorithms: zlib zstd]
  ignore line: [gcc version 11.2.0 (GCC) ]
  ignore line: [COMPILER_PATH=/home/use/Packages/Xilinx_v2022.2/Vitis/2022.2/gnu/aarch64/lin/aarch64-linux/x86_64-petalinux-linux/usr/bin/aarch64-xilinx-linux/../../libexec/aarch64-xilinx-linux/gcc/aarch64-xilinx-linux/11.2.0/:/home/use/Packages/Xilinx_v2022.2/Vitis/2022.2/gnu/aarch64/lin/aarch64-linux/x86_64-petalinux-linux/usr/bin/aarch64-xilinx-linux/../../libexec/aarch64-xilinx-linux/gcc/]
  ignore line: [LIBRARY_PATH=/home/use/Packages/Xilinx_v2022.2/Vitis/2022.2/gnu/aarch64/lin/aarch64-linux/x86_64-petalinux-linux/usr/bin/aarch64-xilinx-linux/../../lib/aarch64-xilinx-linux/gcc/aarch64-xilinx-linux/11.2.0/:/home/use/Packages/Xilinx_v2022.2/Vitis/2022.2/gnu/aarch64/lin/aarch64-linux/x86_64-petalinux-linux/usr/bin/aarch64-xilinx-linux/../../lib/aarch64-xilinx-linux/gcc/:/home/use/Packages/Xilinx_v2022.2/Vitis/2022.2/gnu/aarch64/lin/aarch64-linux/bin/../aarch64-xilinx-linux/lib/:/home/use/Packages/Xilinx_v2022.2/Vitis/2022.2/gnu/aarch64/lin/aarch64-linux/bin/../aarch64-xilinx-linux/usr/lib/aarch64-xilinx-linux/11.2.0/:/home/use/Packages/Xilinx_v2022.2/Vitis/2022.2/gnu/aarch64/lin/aarch64-linux/bin/../aarch64-xilinx-linux/usr/lib/]
  ignore line: [COLLECT_GCC_OPTIONS='--sysroot=/home/use/Packages/Xilinx_v2022.2/Vitis/2022.2/gnu/aarch64/lin/aarch64-linux/bin/../aarch64-xilinx-linux' '-mbranch-protection=none' '-v' '-o' 'cmTC_569a9' '-rdynamic' '-shared-libgcc' '-mlittle-endian' '-mabi=lp64' '-dumpdir' 'cmTC_569a9.']
  link line: [ /home/use/Packages/Xilinx_v2022.2/Vitis/2022.2/gnu/aarch64/lin/aarch64-linux/x86_64-petalinux-linux/usr/bin/aarch64-xilinx-linux/../../libexec/aarch64-xilinx-linux/gcc/aarch64-xilinx-linux/11.2.0/collect2 -plugin /home/use/Packages/Xilinx_v2022.2/Vitis/2022.2/gnu/aarch64/lin/aarch64-linux/x86_64-petalinux-linux/usr/bin/aarch64-xilinx-linux/../../libexec/aarch64-xilinx-linux/gcc/aarch64-xilinx-linux/11.2.0/liblto_plugin.so -plugin-opt=/home/use/Packages/Xilinx_v2022.2/Vitis/2022.2/gnu/aarch64/lin/aarch64-linux/x86_64-petalinux-linux/usr/bin/aarch64-xilinx-linux/../../libexec/aarch64-xilinx-linux/gcc/aarch64-xilinx-linux/11.2.0/lto-wrapper -plugin-opt=-fresolution=/tmp/ccPly6E5.res -plugin-opt=-pass-through=-lgcc_s -plugin-opt=-pass-through=-lgcc -plugin-opt=-pass-through=-lc -plugin-opt=-pass-through=-lgcc_s -plugin-opt=-pass-through=-lgcc --sysroot=/home/use/Packages/Xilinx_v2022.2/Vitis/2022.2/gnu/aarch64/lin/aarch64-linux/bin/../aarch64-xilinx-linux --build-id --eh-frame-hdr --hash-style=gnu -export-dynamic -dynamic-linker /lib/ld-linux-aarch64.so.1 -X -EL -maarch64linux -pie -o cmTC_569a9 /home/use/Packages/Xilinx_v2022.2/Vitis/2022.2/gnu/aarch64/lin/aarch64-linux/bin/../aarch64-xilinx-linux/usr/lib/Scrt1.o /home/use/Packages/Xilinx_v2022.2/Vitis/2022.2/gnu/aarch64/lin/aarch64-linux/bin/../aarch64-xilinx-linux/usr/lib/crti.o /home/use/Packages/Xilinx_v2022.2/Vitis/2022.2/gnu/aarch64/lin/aarch64-linux/bin/../aarch64-xilinx-linux/usr/lib/aarch64-xilinx-linux/11.2.0/crtbeginS.o -L/home/use/Packages/Xilinx_v2022.2/Vitis/2022.2/gnu/aarch64/lin/aarch64-linux/x86_64-petalinux-linux/usr/bin/aarch64-xilinx-linux/../../lib/aarch64-xilinx-linux/gcc/aarch64-xilinx-linux/11.2.0 -L/home/use/Packages/Xilinx_v2022.2/Vitis/2022.2/gnu/aarch64/lin/aarch64-linux/x86_64-petalinux-linux/usr/bin/aarch64-xilinx-linux/../../lib/aarch64-xilinx-linux/gcc -L/home/use/Packages/Xilinx_v2022.2/Vitis/2022.2/gnu/aarch64/lin/aarch64-linux/bin/../aarch64-xilinx-linux/lib -L/home/use/Packages/Xilinx_v2022.2/Vitis/2022.2/gnu/aarch64/lin/aarch64-linux/bin/../aarch64-xilinx-linux/usr/lib/aarch64-xilinx-linux/11.2.0 -L/home/use/Packages/Xilinx_v2022.2/Vitis/2022.2/gnu/aarch64/lin/aarch64-linux/bin/../aarch64-xilinx-linux/usr/lib CMakeFiles/cmTC_569a9.dir/CMakeCXXCompilerABI.cpp.o -lstdc++ -lm -lgcc_s -lgcc -lc -lgcc_s -lgcc /home/use/Packages/Xilinx_v2022.2/Vitis/2022.2/gnu/aarch64/lin/aarch64-linux/bin/../aarch64-xilinx-linux/usr/lib/aarch64-xilinx-linux/11.2.0/crtendS.o /home/use/Packages/Xilinx_v2022.2/Vitis/2022.2/gnu/aarch64/lin/aarch64-linux/bin/../aarch64-xilinx-linux/usr/lib/crtn.o]
    arg [/home/use/Packages/Xilinx_v2022.2/Vitis/2022.2/gnu/aarch64/lin/aarch64-linux/x86_64-petalinux-linux/usr/bin/aarch64-xilinx-linux/../../libexec/aarch64-xilinx-linux/gcc/aarch64-xilinx-linux/11.2.0/collect2] ==> ignore
    arg [-plugin] ==> ignore
    arg [/home/use/Packages/Xilinx_v2022.2/Vitis/2022.2/gnu/aarch64/lin/aarch64-linux/x86_64-petalinux-linux/usr/bin/aarch64-xilinx-linux/../../libexec/aarch64-xilinx-linux/gcc/aarch64-xilinx-linux/11.2.0/liblto_plugin.so] ==> ignore
    arg [-plugin-opt=/home/use/Packages/Xilinx_v2022.2/Vitis/2022.2/gnu/aarch64/lin/aarch64-linux/x86_64-petalinux-linux/usr/bin/aarch64-xilinx-linux/../../libexec/aarch64-xilinx-linux/gcc/aarch64-xilinx-linux/11.2.0/lto-wrapper] ==> ignore
    arg [-plugin-opt=-fresolution=/tmp/ccPly6E5.res] ==> ignore
    arg [-plugin-opt=-pass-through=-lgcc_s] ==> ignore
    arg [-plugin-opt=-pass-through=-lgcc] ==> ignore
    arg [-plugin-opt=-pass-through=-lc] ==> ignore
    arg [-plugin-opt=-pass-through=-lgcc_s] ==> ignore
    arg [-plugin-opt=-pass-through=-lgcc] ==> ignore
    arg [--sysroot=/home/use/Packages/Xilinx_v2022.2/Vitis/2022.2/gnu/aarch64/lin/aarch64-linux/bin/../aarch64-xilinx-linux] ==> ignore
    arg [--build-id] ==> ignore
    arg [--eh-frame-hdr] ==> ignore
    arg [--hash-style=gnu] ==> ignore
    arg [-export-dynamic] ==> ignore
    arg [-dynamic-linker] ==> ignore
    arg [/lib/ld-linux-aarch64.so.1] ==> ignore
    arg [-X] ==> ignore
    arg [-EL] ==> ignore
    arg [-maarch64linux] ==> ignore
    arg [-pie] ==> ignore
    arg [-o] ==> ignore
    arg [cmTC_569a9] ==> ignore
    arg [/home/use/Packages/Xilinx_v2022.2/Vitis/2022.2/gnu/aarch64/lin/aarch64-linux/bin/../aarch64-xilinx-linux/usr/lib/Scrt1.o] ==> ignore
    arg [/home/use/Packages/Xilinx_v2022.2/Vitis/2022.2/gnu/aarch64/lin/aarch64-linux/bin/../aarch64-xilinx-linux/usr/lib/crti.o] ==> ignore
    arg [/home/use/Packages/Xilinx_v2022.2/Vitis/2022.2/gnu/aarch64/lin/aarch64-linux/bin/../aarch64-xilinx-linux/usr/lib/aarch64-xilinx-linux/11.2.0/crtbeginS.o] ==> ignore
    arg [-L/home/use/Packages/Xilinx_v2022.2/Vitis/2022.2/gnu/aarch64/lin/aarch64-linux/x86_64-petalinux-linux/usr/bin/aarch64-xilinx-linux/../../lib/aarch64-xilinx-linux/gcc/aarch64-xilinx-linux/11.2.0] ==> dir [/home/use/Packages/Xilinx_v2022.2/Vitis/2022.2/gnu/aarch64/lin/aarch64-linux/x86_64-petalinux-linux/usr/bin/aarch64-xilinx-linux/../../lib/aarch64-xilinx-linux/gcc/aarch64-xilinx-linux/11.2.0]
    arg [-L/home/use/Packages/Xilinx_v2022.2/Vitis/2022.2/gnu/aarch64/lin/aarch64-linux/x86_64-petalinux-linux/usr/bin/aarch64-xilinx-linux/../../lib/aarch64-xilinx-linux/gcc] ==> dir [/home/use/Packages/Xilinx_v2022.2/Vitis/2022.2/gnu/aarch64/lin/aarch64-linux/x86_64-petalinux-linux/usr/bin/aarch64-xilinx-linux/../../lib/aarch64-xilinx-linux/gcc]
    arg [-L/home/use/Packages/Xilinx_v2022.2/Vitis/2022.2/gnu/aarch64/lin/aarch64-linux/bin/../aarch64-xilinx-linux/lib] ==> dir [/home/use/Packages/Xilinx_v2022.2/Vitis/2022.2/gnu/aarch64/lin/aarch64-linux/bin/../aarch64-xilinx-linux/lib]
    arg [-L/home/use/Packages/Xilinx_v2022.2/Vitis/2022.2/gnu/aarch64/lin/aarch64-linux/bin/../aarch64-xilinx-linux/usr/lib/aarch64-xilinx-linux/11.2.0] ==> dir [/home/use/Packages/Xilinx_v2022.2/Vitis/2022.2/gnu/aarch64/lin/aarch64-linux/bin/../aarch64-xilinx-linux/usr/lib/aarch64-xilinx-linux/11.2.0]
    arg [-L/home/use/Packages/Xilinx_v2022.2/Vitis/2022.2/gnu/aarch64/lin/aarch64-linux/bin/../aarch64-xilinx-linux/usr/lib] ==> dir [/home/use/Packages/Xilinx_v2022.2/Vitis/2022.2/gnu/aarch64/lin/aarch64-linux/bin/../aarch64-xilinx-linux/usr/lib]
    arg [CMakeFiles/cmTC_569a9.dir/CMakeCXXCompilerABI.cpp.o] ==> ignore
    arg [-lstdc++] ==> lib [stdc++]
    arg [-lm] ==> lib [m]
    arg [-lgcc_s] ==> lib [gcc_s]
    arg [-lgcc] ==> lib [gcc]
    arg [-lc] ==> lib [c]
    arg [-lgcc_s] ==> lib [gcc_s]
    arg [-lgcc] ==> lib [gcc]
    arg [/home/use/Packages/Xilinx_v2022.2/Vitis/2022.2/gnu/aarch64/lin/aarch64-linux/bin/../aarch64-xilinx-linux/usr/lib/aarch64-xilinx-linux/11.2.0/crtendS.o] ==> ignore
    arg [/home/use/Packages/Xilinx_v2022.2/Vitis/2022.2/gnu/aarch64/lin/aarch64-linux/bin/../aarch64-xilinx-linux/usr/lib/crtn.o] ==> ignore
  remove lib [gcc_s]
  remove lib [gcc]
  remove lib [gcc_s]
  remove lib [gcc]
  collapse library dir [/home/use/Packages/Xilinx_v2022.2/Vitis/2022.2/gnu/aarch64/lin/aarch64-linux/x86_64-petalinux-linux/usr/bin/aarch64-xilinx-linux/../../lib/aarch64-xilinx-linux/gcc/aarch64-xilinx-linux/11.2.0] ==> [/home/use/Packages/Xilinx_v2022.2/Vitis/2022.2/gnu/aarch64/lin/aarch64-linux/x86_64-petalinux-linux/usr/lib/aarch64-xilinx-linux/gcc/aarch64-xilinx-linux/11.2.0]
  collapse library dir [/home/use/Packages/Xilinx_v2022.2/Vitis/2022.2/gnu/aarch64/lin/aarch64-linux/x86_64-petalinux-linux/usr/bin/aarch64-xilinx-linux/../../lib/aarch64-xilinx-linux/gcc] ==> [/home/use/Packages/Xilinx_v2022.2/Vitis/2022.2/gnu/aarch64/lin/aarch64-linux/x86_64-petalinux-linux/usr/lib/aarch64-xilinx-linux/gcc]
  collapse library dir [/home/use/Packages/Xilinx_v2022.2/Vitis/2022.2/gnu/aarch64/lin/aarch64-linux/bin/../aarch64-xilinx-linux/lib] ==> [/home/use/Packages/Xilinx_v2022.2/Vitis/2022.2/gnu/aarch64/lin/aarch64-linux/aarch64-xilinx-linux/lib]
  collapse library dir [/home/use/Packages/Xilinx_v2022.2/Vitis/2022.2/gnu/aarch64/lin/aarch64-linux/bin/../aarch64-xilinx-linux/usr/lib/aarch64-xilinx-linux/11.2.0] ==> [/home/use/Packages/Xilinx_v2022.2/Vitis/2022.2/gnu/aarch64/lin/aarch64-linux/aarch64-xilinx-linux/usr/lib/aarch64-xilinx-linux/11.2.0]
  collapse library dir [/home/use/Packages/Xilinx_v2022.2/Vitis/2022.2/gnu/aarch64/lin/aarch64-linux/bin/../aarch64-xilinx-linux/usr/lib] ==> [/home/use/Packages/Xilinx_v2022.2/Vitis/2022.2/gnu/aarch64/lin/aarch64-linux/aarch64-xilinx-linux/usr/lib]
  implicit libs: [stdc++;m;c]
  implicit dirs: [/home/use/Packages/Xilinx_v2022.2/Vitis/2022.2/gnu/aarch64/lin/aarch64-linux/x86_64-petalinux-linux/usr/lib/aarch64-xilinx-linux/gcc/aarch64-xilinx-linux/11.2.0;/home/use/Packages/Xilinx_v2022.2/Vitis/2022.2/gnu/aarch64/lin/aarch64-linux/x86_64-petalinux-linux/usr/lib/aarch64-xilinx-linux/gcc;/home/use/Packages/Xilinx_v2022.2/Vitis/2022.2/gnu/aarch64/lin/aarch64-linux/aarch64-xilinx-linux/lib;/home/use/Packages/Xilinx_v2022.2/Vitis/2022.2/gnu/aarch64/lin/aarch64-linux/aarch64-xilinx-linux/usr/lib/aarch64-xilinx-linux/11.2.0;/home/use/Packages/Xilinx_v2022.2/Vitis/2022.2/gnu/aarch64/lin/aarch64-linux/aarch64-xilinx-linux/usr/lib]
  implicit fwks: []




Detecting CXX [-std=c++14] compiler features compiled with the following output:
Change Dir: /home/use/Projects/quadruped/software/build/CMakeFiles/CMakeTmp

Run Build Command:"/usr/bin/make" "cmTC_65290/fast"
/usr/bin/make -f CMakeFiles/cmTC_65290.dir/build.make CMakeFiles/cmTC_65290.dir/build
make[1]: Entering directory '/home/use/Projects/quadruped/software/build/CMakeFiles/CMakeTmp'
Building CXX object CMakeFiles/cmTC_65290.dir/feature_tests.cxx.o
/home/use/Packages/Xilinx_v2022.2/Vitis/2022.2/gnu/aarch64/lin/aarch64-linux/bin/aarch64-linux-gnu-g++    -std=c++14 -o CMakeFiles/cmTC_65290.dir/feature_tests.cxx.o -c /home/use/Projects/quadruped/software/build/CMakeFiles/feature_tests.cxx
Linking CXX executable cmTC_65290
/home/use/Packages/Xilinx_v2022.2/Vitis/2022.2/tps/lnx64/cmake-3.3.2/bin/cmake -E cmake_link_script CMakeFiles/cmTC_65290.dir/link.txt --verbose=1
/home/use/Packages/Xilinx_v2022.2/Vitis/2022.2/gnu/aarch64/lin/aarch64-linux/bin/aarch64-linux-gnu-g++        CMakeFiles/cmTC_65290.dir/feature_tests.cxx.o  -o cmTC_65290 -rdynamic 
make[1]: Leaving directory '/home/use/Projects/quadruped/software/build/CMakeFiles/CMakeTmp'


    Feature record: CXX_FEATURE:1cxx_aggregate_default_initializers
    Feature record: CXX_FEATURE:1cxx_alias_templates
    Feature record: CXX_FEATURE:1cxx_alignas
    Feature record: CXX_FEATURE:1cxx_alignof
    Feature record: CXX_FEATURE:1cxx_attributes
    Feature record: CXX_FEATURE:1cxx_attribute_deprecated
    Feature record: CXX_FEATURE:1cxx_auto_type
    Feature record: CXX_FEATURE:1cxx_binary_literals
    Feature record: CXX_FEATURE:1cxx_constexpr
    Feature record: CXX_FEATURE:1cxx_contextual_conversions
    Feature record: CXX_FEATURE:1cxx_decltype
    Feature record: CXX_FEATURE:1cxx_decltype_auto
    Feature record: CXX_FEATURE:1cxx_decltype_incomplete_return_types
    Feature record: CXX_FEATURE:1cxx_default_function_template_args
    Feature record: CXX_FEATURE:1cxx_defaulted_functions
    Feature record: CXX_FEATURE:1cxx_defaulted_move_initializers
    Feature record: CXX_FEATURE:1cxx_delegating_constructors
    Feature record: CXX_FEATURE:1cxx_deleted_functions
    Feature record: CXX_FEATURE:1cxx_digit_separators
    Feature record: CXX_FEATURE:1cxx_enum_forward_declarations
    Feature record: CXX_FEATURE:1cxx_explicit_conversions
    Feature record: CXX_FEATURE:1cxx_extended_friend_declarations
    Feature record: CXX_FEATURE:1cxx_extern_templates
    Feature record: CXX_FEATURE:1cxx_final
    Feature record: CXX_FEATURE:1cxx_func_identifier
    Feature record: CXX_FEATURE:1cxx_generalized_initializers
    Feature record: CXX_FEATURE:1cxx_generic_lambdas
    Feature record: CXX_FEATURE:1cxx_inheriting_constructors
    Feature record: CXX_FEATURE:1cxx_inline_namespaces
    Feature record: CXX_FEATURE:1cxx_lambdas
    Feature record: CXX_FEATURE:1cxx_lambda_init_captures
    Feature record: CXX_FEATURE:1cxx_local_type_template_args
    Feature record: CXX_FEATURE:1cxx_long_long_type
    Feature record: CXX_FEATURE:1cxx_noexcept
    Feature record: CXX_FEATURE:1cxx_nonstatic_member_init
    Feature record: CXX_FEATURE:1cxx_nullptr
    Feature record: CXX_FEATURE:1cxx_override
    Feature record: CXX_FEATURE:1cxx_range_for
    Feature record: CXX_FEATURE:1cxx_raw_string_literals
    Feature record: CXX_FEATURE:1cxx_reference_qualified_functions
    Feature record: CXX_FEATURE:1cxx_relaxed_constexpr
    Feature record: CXX_FEATURE:1cxx_return_type_deduction
    Feature record: CXX_FEATURE:1cxx_right_angle_brackets
    Feature record: CXX_FEATURE:1cxx_rvalue_references
    Feature record: CXX_FEATURE:1cxx_sizeof_member
    Feature record: CXX_FEATURE:1cxx_static_assert
    Feature record: CXX_FEATURE:1cxx_strong_enums
    Feature record: CXX_FEATURE:1cxx_template_template_parameters
    Feature record: CXX_FEATURE:1cxx_thread_local
    Feature record: CXX_FEATURE:1cxx_trailing_return_types
    Feature record: CXX_FEATURE:1cxx_unicode_literals
    Feature record: CXX_FEATURE:1cxx_uniform_initialization
    Feature record: CXX_FEATURE:1cxx_unrestricted_unions
    Feature record: CXX_FEATURE:1cxx_user_literals
    Feature record: CXX_FEATURE:1cxx_variable_templates
    Feature record: CXX_FEATURE:1cxx_variadic_macros
    Feature record: CXX_FEATURE:1cxx_variadic_templates


Detecting CXX [-std=c++11] compiler features compiled with the following output:
Change Dir: /home/use/Projects/quadruped/software/build/CMakeFiles/CMakeTmp

Run Build Command:"/usr/bin/make" "cmTC_3a958/fast"
/usr/bin/make -f CMakeFiles/cmTC_3a958.dir/build.make CMakeFiles/cmTC_3a958.dir/build
make[1]: Entering directory '/home/use/Projects/quadruped/software/build/CMakeFiles/CMakeTmp'
Building CXX object CMakeFiles/cmTC_3a958.dir/feature_tests.cxx.o
/home/use/Packages/Xilinx_v2022.2/Vitis/2022.2/gnu/aarch64/lin/aarch64-linux/bin/aarch64-linux-gnu-g++    -std=c++11 -o CMakeFiles/cmTC_3a958.dir/feature_tests.cxx.o -c /home/use/Projects/quadruped/software/build/CMakeFiles/feature_tests.cxx
Linking CXX executable cmTC_3a958
/home/use/Packages/Xilinx_v2022.2/Vitis/2022.2/tps/lnx64/cmake-3.3.2/bin/cmake -E cmake_link_script CMakeFiles/cmTC_3a958.dir/link.txt --verbose=1
/home/use/Packages/Xilinx_v2022.2/Vitis/2022.2/gnu/aarch64/lin/aarch64-linux/bin/aarch64-linux-gnu-g++        CMakeFiles/cmTC_3a958.dir/feature_tests.cxx.o  -o cmTC_3a958 -rdynamic 
make[1]: Leaving directory '/home/use/Projects/quadruped/software/build/CMakeFiles/CMakeTmp'


    Feature record: CXX_FEATURE:0cxx_aggregate_default_initializers
    Feature record: CXX_FEATURE:1cxx_alias_templates
    Feature record: CXX_FEATURE:1cxx_alignas
    Feature record: CXX_FEATURE:1cxx_alignof
    Feature record: CXX_FEATURE:1cxx_attributes
    Feature record: CXX_FEATURE:0cxx_attribute_deprecated
    Feature record: CXX_FEATURE:1cxx_auto_type
    Feature record: CXX_FEATURE:0cxx_binary_literals
    Feature record: CXX_FEATURE:1cxx_constexpr
    Feature record: CXX_FEATURE:0cxx_contextual_conversions
    Feature record: CXX_FEATURE:1cxx_decltype
    Feature record: CXX_FEATURE:0cxx_decltype_auto
    Feature record: CXX_FEATURE:1cxx_decltype_incomplete_return_types
    Feature record: CXX_FEATURE:1cxx_default_function_template_args
    Feature record: CXX_FEATURE:1cxx_defaulted_functions
    Feature record: CXX_FEATURE:1cxx_defaulted_move_initializers
    Feature record: CXX_FEATURE:1cxx_delegating_constructors
    Feature record: CXX_FEATURE:1cxx_deleted_functions
    Feature record: CXX_FEATURE:0cxx_digit_separators
    Feature record: CXX_FEATURE:1cxx_enum_forward_declarations
    Feature record: CXX_FEATURE:1cxx_explicit_conversions
    Feature record: CXX_FEATURE:1cxx_extended_friend_declarations
    Feature record: CXX_FEATURE:1cxx_extern_templates
    Feature record: CXX_FEATURE:1cxx_final
    Feature record: CXX_FEATURE:1cxx_func_identifier
    Feature record: CXX_FEATURE:1cxx_generalized_initializers
    Feature record: CXX_FEATURE:0cxx_generic_lambdas
    Feature record: CXX_FEATURE:1cxx_inheriting_constructors
    Feature record: CXX_FEATURE:1cxx_inline_namespaces
    Feature record: CXX_FEATURE:1cxx_lambdas
    Feature record: CXX_FEATURE:0cxx_lambda_init_captures
    Feature record: CXX_FEATURE:1cxx_local_type_template_args
    Feature record: CXX_FEATURE:1cxx_long_long_type
    Feature record: CXX_FEATURE:1cxx_noexcept
    Feature record: CXX_FEATURE:1cxx_nonstatic_member_init
    Feature record: CXX_FEATURE:1cxx_nullptr
    Feature record: CXX_FEATURE:1cxx_override
    Feature record: CXX_FEATURE:1cxx_range_for
    Feature record: CXX_FEATURE:1cxx_raw_string_literals
    Feature record: CXX_FEATURE:1cxx_reference_qualified_functions
    Feature record: CXX_FEATURE:0cxx_relaxed_constexpr
    Feature record: CXX_FEATURE:0cxx_return_type_deduction
    Feature record: CXX_FEATURE:1cxx_right_angle_brackets
    Feature record: CXX_FEATURE:1cxx_rvalue_references
    Feature record: CXX_FEATURE:1cxx_sizeof_member
    Feature record: CXX_FEATURE:1cxx_static_assert
    Feature record: CXX_FEATURE:1cxx_strong_enums
    Feature record: CXX_FEATURE:1cxx_template_template_parameters
    Feature record: CXX_FEATURE:1cxx_thread_local
    Feature record: CXX_FEATURE:1cxx_trailing_return_types
    Feature record: CXX_FEATURE:1cxx_unicode_literals
    Feature record: CXX_FEATURE:1cxx_uniform_initialization
    Feature record: CXX_FEATURE:1cxx_unrestricted_unions
    Feature record: CXX_FEATURE:1cxx_user_literals
    Feature record: CXX_FEATURE:0cxx_variable_templates
    Feature record: CXX_FEATURE:1cxx_variadic_macros
    Feature record: CXX_FEATURE:1cxx_variadic_templates


Detecting CXX [-std=c++98] compiler features compiled with the following output:
Change Dir: /home/use/Projects/quadruped/software/build/CMakeFiles/CMakeTmp

Run Build Command:"/usr/bin/make" "cmTC_15e31/fast"
/usr/bin/make -f CMakeFiles/cmTC_15e31.dir/build.make CMakeFiles/cmTC_15e31.dir/build
make[1]: Entering directory '/home/use/Projects/quadruped/software/build/CMakeFiles/CMakeTmp'
Building CXX object CMakeFiles/cmTC_15e31.dir/feature_tests.cxx.o
/home/use/Packages/Xilinx_v2022.2/Vitis/2022.2/gnu/aarch64/lin/aarch64-linux/bin/aarch64-linux-gnu-g++    -std=c++98 -o CMakeFiles/cmTC_15e31.dir/feature_tests.cxx.o -c /home/use/Projects/quadruped/software/build/CMakeFiles/feature_tests.cxx
Linking CXX executable cmTC_15e31
/home/use/Packages/Xilinx_v2022.2/Vitis/2022.2/tps/lnx64/cmake-3.3.2/bin/cmake -E cmake_link_script CMakeFiles/cmTC_15e31.dir/link.txt --verbose=1
/home/use/Packages/Xilinx_v2022.2/Vitis/2022.2/gnu/aarch64/lin/aarch64-linux/bin/aarch64-linux-gnu-g++        CMakeFiles/cmTC_15e31.dir/feature_tests.cxx.o  -o cmTC_15e31 -rdynamic 
make[1]: Leaving directory '/home/use/Projects/quadruped/software/build/CMakeFiles/CMakeTmp'


    Feature record: CXX_FEATURE:0cxx_aggregate_default_initializers
    Feature record: CXX_FEATURE:0cxx_alias_templates
    Feature record: CXX_FEATURE:0cxx_alignas
    Feature record: CXX_FEATURE:0cxx_alignof
    Feature record: CXX_FEATURE:0cxx_attributes
    Feature record: CXX_FEATURE:0cxx_attribute_deprecated
    Feature record: CXX_FEATURE:0cxx_auto_type
    Feature record: CXX_FEATURE:0cxx_binary_literals
    Feature record: CXX_FEATURE:0cxx_constexpr
    Feature record: CXX_FEATURE:0cxx_contextual_conversions
    Feature record: CXX_FEATURE:0cxx_decltype
    Feature record: CXX_FEATURE:0cxx_decltype_auto
    Feature record: CXX_FEATURE:0cxx_decltype_incomplete_return_types
    Feature record: CXX_FEATURE:0cxx_default_function_template_args
    Feature record: CXX_FEATURE:0cxx_defaulted_functions
    Feature record: CXX_FEATURE:0cxx_defaulted_move_initializers
    Feature record: CXX_FEATURE:0cxx_delegating_constructors
    Feature record: CXX_FEATURE:0cxx_deleted_functions
    Feature record: CXX_FEATURE:0cxx_digit_separators
    Feature record: CXX_FEATURE:0cxx_enum_forward_declarations
    Feature record: CXX_FEATURE:0cxx_explicit_conversions
    Feature record: CXX_FEATURE:0cxx_extended_friend_declarations
    Feature record: CXX_FEATURE:0cxx_extern_templates
    Feature record: CXX_FEATURE:0cxx_final
    Feature record: CXX_FEATURE:0cxx_func_identifier
    Feature record: CXX_FEATURE:0cxx_generalized_initializers
    Feature record: CXX_FEATURE:0cxx_generic_lambdas
    Feature record: CXX_FEATURE:0cxx_inheriting_constructors
    Feature record: CXX_FEATURE:0cxx_inline_namespaces
    Feature record: CXX_FEATURE:0cxx_lambdas
    Feature record: CXX_FEATURE:0cxx_lambda_init_captures
    Feature record: CXX_FEATURE:0cxx_local_type_template_args
    Feature record: CXX_FEATURE:0cxx_long_long_type
    Feature record: CXX_FEATURE:0cxx_noexcept
    Feature record: CXX_FEATURE:0cxx_nonstatic_member_init
    Feature record: CXX_FEATURE:0cxx_nullptr
    Feature record: CXX_FEATURE:0cxx_override
    Feature record: CXX_FEATURE:0cxx_range_for
    Feature record: CXX_FEATURE:0cxx_raw_string_literals
    Feature record: CXX_FEATURE:0cxx_reference_qualified_functions
    Feature record: CXX_FEATURE:0cxx_relaxed_constexpr
    Feature record: CXX_FEATURE:0cxx_return_type_deduction
    Feature record: CXX_FEATURE:0cxx_right_angle_brackets
    Feature record: CXX_FEATURE:0cxx_rvalue_references
    Feature record: CXX_FEATURE:0cxx_sizeof_member
    Feature record: CXX_FEATURE:0cxx_static_assert
    Feature record: CXX_FEATURE:0cxx_strong_enums
    Feature record: CXX_FEATURE:1cxx_template_template_parameters
    Feature record: CXX_FEATURE:0cxx_thread_local
    Feature record: CXX_FEATURE:0cxx_trailing_return_types
    Feature record: CXX_FEATURE:0cxx_unicode_literals
    Feature record: CXX_FEATURE:0cxx_uniform_initialization
    Feature record: CXX_FEATURE:0cxx_unrestricted_unions
    Feature record: CXX_FEATURE:0cxx_user_literals
    Feature record: CXX_FEATURE:0cxx_variable_templates
    Feature record: CXX_FEATURE:0cxx_variadic_macros
    Feature record: CXX_FEATURE:0cxx_variadic_templates
